<?xml version="1.0" encoding="UTF-8"?>
<Site BuildName="Linux-g++"
	BuildStamp="20240210-1009-Experimental"
	Name="crsdvaibhav-lmde"
	Generator="ctest-3.25.1"
	CompilerName="/usr/bin/g++"
	CompilerVersion="12.2.0"
	OSName="Linux"
	Hostname="crsdvaibhav-lmde"
	OSRelease="6.1.0-17-amd64"
	OSVersion="#1 SMP PREEMPT_DYNAMIC Debian 6.1.69-1 (2023-12-30)"
	OSPlatform="x86_64"
	Is64Bits="1"
	VendorString="GenuineIntel"
	VendorID="Intel Corporation"
	FamilyID="6"
	ModelID="140"
	ProcessorCacheSize="8192"
	NumberOfLogicalCPU="8"
	NumberOfPhysicalCPU="4"
	TotalVirtualMemory="8010"
	TotalPhysicalMemory="7668"
	LogicalProcessorsPerPhysical="2"
	ProcessorClockFrequency="3711.97"
	>
	<Testing>
		<StartDateTime>Feb 10 15:39 IST</StartDateTime>
		<StartTestTime>1707559770</StartTestTime>
		<TestList/>
		<EndDateTime>Feb 10 15:39 IST</EndDateTime>
		<EndTestTime>1707559770</EndTestTime>
		<ElapsedMinutes>0</ElapsedMinutes>
	</Testing>
</Site>
